execve("./empty", ["./empty"], 0x7ffd5b4039d0 /* 47 vars */) = 0
brk(NULL)                               = 0x55fced91b000
access("/etc/ld.so.preload", R_OK)      = -1 ENOENT (No such file or directory)
openat(AT_FDCWD, "/etc/ld.so.cache", O_RDONLY|O_CLOEXEC) = 3
fstat(3, {st_mode=S_IFREG|0644, st_size=158571, ...}) = 0
mmap(NULL, 158571, PROT_READ, MAP_PRIVATE, 3, 0) = 0x7fbaee7f9000
close(3)                                = 0
openat(AT_FDCWD, "/usr/lib/libc.so.6", O_RDONLY|O_CLOEXEC) = 3
read(3, "\177ELF\2\1\1\3\0\0\0\0\0\0\0\0\3\0>\0\1\0\0\0000x\2\0\0\0\0\0"..., 832) = 832
pread64(3, "\6\0\0\0\4\0\0\0@\0\0\0\0\0\0\0@\0\0\0\0\0\0\0@\0\0\0\0\0\0\0"..., 896, 64) = 896
fstat(3, {st_mode=S_IFREG|0755, st_size=2149728, ...}) = 0
mmap(NULL, 8192, PROT_READ|PROT_WRITE, MAP_PRIVATE|MAP_ANONYMOUS, -1, 0) = 0x7fbaee7f7000
pread64(3, "\6\0\0\0\4\0\0\0@\0\0\0\0\0\0\0@\0\0\0\0\0\0\0@\0\0\0\0\0\0\0"..., 896, 64) = 896
mmap(NULL, 2174000, PROT_READ, MAP_PRIVATE|MAP_DENYWRITE, 3, 0) = 0x7fbaee400000
mmap(0x7fbaee424000, 1515520, PROT_READ|PROT_EXEC, MAP_PRIVATE|MAP_FIXED|MAP_DENYWRITE, 3, 0x24000) = 0x7fbaee424000
mmap(0x7fbaee596000, 454656, PROT_READ, MAP_PRIVATE|MAP_FIXED|MAP_DENYWRITE, 3, 0x196000) = 0x7fbaee596000
mmap(0x7fbaee605000, 24576, PROT_READ|PROT_WRITE, MAP_PRIVATE|MAP_FIXED|MAP_DENYWRITE, 3, 0x204000) = 0x7fbaee605000
mmap(0x7fbaee60b000, 31792, PROT_READ|PROT_WRITE, MAP_PRIVATE|MAP_FIXED|MAP_ANONYMOUS, -1, 0) = 0x7fbaee60b000
close(3)                                = 0
mmap(NULL, 12288, PROT_READ|PROT_WRITE, MAP_PRIVATE|MAP_ANONYMOUS, -1, 0) = 0x7fbaee7f4000
arch_prctl(ARCH_SET_FS, 0x7fbaee7f4740) = 0
set_tid_address(0x7fbaee7f4a10)         = 106311
set_robust_list(0x7fbaee7f4a20, 24)     = 0
rseq(0x7fbaee7f4680, 0x20, 0, 0x53053053) = 0
mprotect(0x7fbaee605000, 16384, PROT_READ) = 0
mprotect(0x55fcb468f000, 4096, PROT_READ) = 0
mprotect(0x7fbaee861000, 8192, PROT_READ) = 0
prlimit64(0, RLIMIT_STACK, NULL, {rlim_cur=16384*1024, rlim_max=RLIM64_INFINITY}) = 0
getrandom("\x5a\xcc\x8d\x7e\xf5\xa2\xf1\xe5", 8, GRND_NONBLOCK) = 8
munmap(0x7fbaee7f9000, 158571)          = 0
exit_group(0)                           = ?
+++ exited with 0 +++
