execve("./part1", ["./part1"], 0x7ffc840cd9b0 /* 47 vars */) = 0
brk(NULL)                               = 0x55a8f7d3e000
access("/etc/ld.so.preload", R_OK)      = -1 ENOENT (No such file or directory)
openat(AT_FDCWD, "/etc/ld.so.cache", O_RDONLY|O_CLOEXEC) = 3
fstat(3, {st_mode=S_IFREG|0644, st_size=158571, ...}) = 0
mmap(NULL, 158571, PROT_READ, MAP_PRIVATE, 3, 0) = 0x7f539ad08000
close(3)                                = 0
openat(AT_FDCWD, "/usr/lib/libc.so.6", O_RDONLY|O_CLOEXEC) = 3
read(3, "\177ELF\2\1\1\3\0\0\0\0\0\0\0\0\3\0>\0\1\0\0\0000x\2\0\0\0\0\0"..., 832) = 832
pread64(3, "\6\0\0\0\4\0\0\0@\0\0\0\0\0\0\0@\0\0\0\0\0\0\0@\0\0\0\0\0\0\0"..., 896, 64) = 896
fstat(3, {st_mode=S_IFREG|0755, st_size=2149728, ...}) = 0
mmap(NULL, 8192, PROT_READ|PROT_WRITE, MAP_PRIVATE|MAP_ANONYMOUS, -1, 0) = 0x7f539ad06000
pread64(3, "\6\0\0\0\4\0\0\0@\0\0\0\0\0\0\0@\0\0\0\0\0\0\0@\0\0\0\0\0\0\0"..., 896, 64) = 896
mmap(NULL, 2174000, PROT_READ, MAP_PRIVATE|MAP_DENYWRITE, 3, 0) = 0x7f539aa00000
mmap(0x7f539aa24000, 1515520, PROT_READ|PROT_EXEC, MAP_PRIVATE|MAP_FIXED|MAP_DENYWRITE, 3, 0x24000) = 0x7f539aa24000
mmap(0x7f539ab96000, 454656, PROT_READ, MAP_PRIVATE|MAP_FIXED|MAP_DENYWRITE, 3, 0x196000) = 0x7f539ab96000
mmap(0x7f539ac05000, 24576, PROT_READ|PROT_WRITE, MAP_PRIVATE|MAP_FIXED|MAP_DENYWRITE, 3, 0x204000) = 0x7f539ac05000
mmap(0x7f539ac0b000, 31792, PROT_READ|PROT_WRITE, MAP_PRIVATE|MAP_FIXED|MAP_ANONYMOUS, -1, 0) = 0x7f539ac0b000
close(3)                                = 0
mmap(NULL, 12288, PROT_READ|PROT_WRITE, MAP_PRIVATE|MAP_ANONYMOUS, -1, 0) = 0x7f539ad03000
arch_prctl(ARCH_SET_FS, 0x7f539ad03740) = 0
set_tid_address(0x7f539ad03a10)         = 106314
set_robust_list(0x7f539ad03a20, 24)     = 0
rseq(0x7f539ad03680, 0x20, 0, 0x53053053) = 0
mprotect(0x7f539ac05000, 16384, PROT_READ) = 0
mprotect(0x55a8c2820000, 4096, PROT_READ) = 0
mprotect(0x7f539ad70000, 8192, PROT_READ) = 0
prlimit64(0, RLIMIT_STACK, NULL, {rlim_cur=16384*1024, rlim_max=RLIM64_INFINITY}) = 0
getrandom("\xc9\xaf\x75\x2c\x7f\x7c\x29\xe5", 8, GRND_NONBLOCK) = 8
munmap(0x7f539ad08000, 158571)          = 0
getpid()                                = 106314
getppid()                               = 106312
getuid()                                = 1000
getcwd("/home/ethan/Documents/School/University/4/fall/operating_systems/proj2", 128) = 71
write(1, "Done\n", 5)                   = 5
exit_group(0)                           = ?
+++ exited with 0 +++
